"2024-05-25 17:30:07,144 INFO  [main] com.project.SchoolManagementApplication:Starting SchoolManagementApplication using Java 17.0.9 on LAPTOP-UAQ56P49 with PID 10940 (C:\Users\Asus\IdeaProjects\school-management\target\classes started by Asus in C:\Users\Asus\IdeaProjects\school-management)
""2024-05-25 17:30:07,152 INFO  [main] com.project.SchoolManagementApplication:No active profile set, falling back to 1 default profile: "default"
""2024-05-25 17:30:07,937 INFO  [main] org.springframework.data.repository.config.RepositoryConfigurationDelegate:Bootstrapping Spring Data JPA repositories in DEFAULT mode.
""2024-05-25 17:30:08,005 INFO  [main] org.springframework.data.repository.config.RepositoryConfigurationDelegate:Finished Spring Data repository scanning in 56 ms. Found 1 JPA repository interfaces.
""2024-05-25 17:30:08,709 INFO  [main] org.springframework.boot.web.embedded.tomcat.TomcatWebServer:Tomcat initialized with port(s): 8080 (http)
""2024-05-25 17:30:08,720 INFO  [main] org.apache.catalina.core.StandardService:Starting service [Tomcat]
""2024-05-25 17:30:08,721 INFO  [main] org.apache.catalina.core.StandardEngine:Starting Servlet engine: [Apache Tomcat/9.0.68]
""2024-05-25 17:30:08,854 INFO  [main] org.apache.catalina.core.ContainerBase.[Tomcat].[localhost].[/]:Initializing Spring embedded WebApplicationContext
""2024-05-25 17:30:08,854 INFO  [main] org.springframework.boot.web.servlet.context.ServletWebServerApplicationContext:Root WebApplicationContext: initialization completed in 1648 ms
""2024-05-25 17:30:09,033 INFO  [main] org.hibernate.jpa.internal.util.LogHelper:HHH000204: Processing PersistenceUnitInfo [name: default]
""2024-05-25 17:30:09,091 INFO  [main] org.hibernate.Version:HHH000412: Hibernate ORM core version 5.6.12.Final
""2024-05-25 17:30:09,259 INFO  [main] org.hibernate.annotations.common.Version:HCANN000001: Hibernate Commons Annotations {5.1.2.Final}
""2024-05-25 17:30:09,363 INFO  [main] com.zaxxer.hikari.HikariDataSource:HikariPool-1 - Starting...
""2024-05-25 17:30:09,560 INFO  [main] com.zaxxer.hikari.HikariDataSource:HikariPool-1 - Start completed.
""2024-05-25 17:30:09,578 INFO  [main] org.hibernate.dialect.Dialect:HHH000400: Using dialect: org.hibernate.dialect.PostgreSQL81Dialect
""2024-05-25 17:30:10,557 INFO  [main] org.hibernate.engine.transaction.jta.platform.internal.JtaPlatformInitiator:HHH000490: Using JtaPlatform implementation: [org.hibernate.engine.transaction.jta.platform.internal.NoJtaPlatform]
""2024-05-25 17:30:10,564 INFO  [main] org.springframework.orm.jpa.LocalContainerEntityManagerFactoryBean:Initialized JPA EntityManagerFactory for persistence unit 'default'
""2024-05-25 17:30:11,041 WARN  [main] org.springframework.boot.autoconfigure.orm.jpa.JpaBaseConfiguration$JpaWebConfiguration:spring.jpa.open-in-view is enabled by default. Therefore, database queries may be performed during view rendering. Explicitly configure spring.jpa.open-in-view to disable this warning
""2024-05-25 17:30:11,370 WARN  [main] org.springframework.boot.autoconfigure.security.servlet.UserDetailsServiceAutoConfiguration:

Using generated security password: c454f6f7-7372-430a-bd51-9757c2ff0846

This generated password is for development use only. Your security configuration must be updated before running your application in production.

""2024-05-25 17:30:11,506 INFO  [main] org.springframework.security.web.DefaultSecurityFilterChain:Will secure any request with [org.springframework.security.web.session.DisableEncodeUrlFilter@797ee1a9, org.springframework.security.web.context.request.async.WebAsyncManagerIntegrationFilter@5f190cfe, org.springframework.security.web.context.SecurityContextPersistenceFilter@23e573e, org.springframework.security.web.header.HeaderWriterFilter@56351c02, org.springframework.security.web.csrf.CsrfFilter@478cc5f1, org.springframework.security.web.authentication.logout.LogoutFilter@10cb5047, org.springframework.security.web.authentication.UsernamePasswordAuthenticationFilter@3fc14dc0, org.springframework.security.web.authentication.ui.DefaultLoginPageGeneratingFilter@799206ad, org.springframework.security.web.authentication.ui.DefaultLogoutPageGeneratingFilter@585672dd, org.springframework.security.web.authentication.www.BasicAuthenticationFilter@591febcb, org.springframework.security.web.savedrequest.RequestCacheAwareFilter@52463255, org.springframework.security.web.servletapi.SecurityContextHolderAwareRequestFilter@66f5770e, org.springframework.security.web.authentication.AnonymousAuthenticationFilter@49c947f7, org.springframework.security.web.session.SessionManagementFilter@386f88b3, org.springframework.security.web.access.ExceptionTranslationFilter@c4ca86a, org.springframework.security.web.access.intercept.FilterSecurityInterceptor@6b529d42]
""2024-05-25 17:30:11,566 INFO  [main] org.springframework.boot.web.embedded.tomcat.TomcatWebServer:Tomcat started on port(s): 8080 (http) with context path ''
""2024-05-25 17:30:11,579 INFO  [main] com.project.SchoolManagementApplication:Started SchoolManagementApplication in 4.903 seconds (JVM running for 5.431)
""2024-05-25 17:31:14,216 INFO  [SpringApplicationShutdownHook] org.springframework.orm.jpa.LocalContainerEntityManagerFactoryBean:Closing JPA EntityManagerFactory for persistence unit 'default'
""2024-05-25 17:31:14,218 INFO  [SpringApplicationShutdownHook] com.zaxxer.hikari.HikariDataSource:HikariPool-1 - Shutdown initiated...
""2024-05-25 17:31:14,220 INFO  [SpringApplicationShutdownHook] com.zaxxer.hikari.HikariDataSource:HikariPool-1 - Shutdown completed.
"